2023-02-02 14:51:53,555 - INFO - start bot
2023-02-02 14:51:53,556 - INFO - Scheduler started
2023-02-02 14:53:34,655 - INFO - Received signal 2 (SIGINT), stopping...
2023-02-02 14:53:34,671 - INFO - Scheduler has been shut down
2023-02-02 14:53:38,975 - WARNING - Exiting immediately!
2023-02-02 14:53:43,476 - INFO - start bot
2023-02-02 14:53:43,479 - INFO - Scheduler started
2023-02-02 14:59:07,729 - INFO - Received signal 2 (SIGINT), stopping...
2023-02-02 14:59:07,729 - INFO - Scheduler has been shut down
2023-02-02 14:59:27,927 - INFO - start bot
2023-02-02 14:59:27,928 - INFO - Scheduler started
2023-02-02 15:00:32,853 - ERROR - No error handlers are registered, logging exception.
Traceback (most recent call last):
  File "C:\Users\16-jl\Study\Pythonics\HomeWorks\HomeWork_9\venv\Lib\site-packages\telegram\ext\dispatcher.py", line 557, in process_update
    handler.handle_update(update, self, check, context)
  File "C:\Users\16-jl\Study\Pythonics\HomeWorks\HomeWork_9\venv\Lib\site-packages\telegram\ext\conversationhandler.py", line 627, in handle_update
    new_state = handler.handle_update(update, dispatcher, check_result, context)
                ^^^^^^^^^^^^^^^^^^^^^^^^^^^^^^^^^^^^^^^^^^^^^^^^^^^^^^^^^^^^^^^^
  File "C:\Users\16-jl\Study\Pythonics\HomeWorks\HomeWork_9\venv\Lib\site-packages\telegram\ext\handler.py", line 199, in handle_update
    return self.callback(update, context)
           ^^^^^^^^^^^^^^^^^^^^^^^^^^^^^^
  File "c:\Users\16-jl\Study\Pythonics\HomeWorks\HomeWork_10\calc.py", line 56, in calc
    menu(update, context)
  File "c:\Users\16-jl\Study\Pythonics\HomeWorks\HomeWork_10\calc.py", line 61, in menu
    choice = update.command
             ^^^^^^^^^^^^^^
AttributeError: 'Update' object has no attribute 'command'
2023-02-02 15:01:09,033 - INFO - Received signal 2 (SIGINT), stopping...
2023-02-02 15:01:09,048 - INFO - Scheduler has been shut down
2023-02-02 15:01:17,005 - WARNING - Exiting immediately!
2023-02-02 15:01:31,369 - INFO - start bot
2023-02-02 15:01:31,369 - INFO - Scheduler started
2023-02-02 15:02:30,762 - INFO - Received signal 2 (SIGINT), stopping...
2023-02-02 15:02:30,778 - INFO - Scheduler has been shut down
2023-02-02 15:02:35,502 - WARNING - Exiting immediately!
2023-02-02 15:02:39,076 - INFO - start bot
2023-02-02 15:02:39,076 - INFO - Scheduler started
2023-02-02 15:03:18,170 - INFO - Received signal 2 (SIGINT), stopping...
2023-02-02 15:03:18,186 - INFO - Scheduler has been shut down
2023-02-02 15:04:22,786 - WARNING - Exiting immediately!
2023-02-02 15:04:35,394 - INFO - start bot
2023-02-02 15:04:35,395 - INFO - Scheduler started
2023-02-02 15:06:58,998 - INFO - Received signal 2 (SIGINT), stopping...
2023-02-02 15:06:59,014 - INFO - Scheduler has been shut down
2023-02-02 15:07:05,278 - WARNING - Exiting immediately!
2023-02-02 15:07:09,393 - INFO - start bot
2023-02-02 15:07:09,394 - INFO - Scheduler started
2023-02-02 15:07:48,138 - INFO - Received signal 2 (SIGINT), stopping...
2023-02-02 15:07:48,153 - INFO - Scheduler has been shut down
2023-02-02 15:08:05,861 - WARNING - Exiting immediately!
2023-02-02 15:11:44,358 - INFO - start bot
2023-02-02 15:11:44,360 - INFO - Scheduler started
2023-02-02 15:14:58,065 - INFO - Received signal 2 (SIGINT), stopping...
2023-02-02 15:14:58,065 - INFO - Scheduler has been shut down
2023-02-02 15:14:59,255 - WARNING - Exiting immediately!
2023-02-02 15:18:27,944 - INFO - start bot
2023-02-02 15:18:27,947 - INFO - Scheduler started
2023-02-02 15:20:39,047 - INFO - Received signal 2 (SIGINT), stopping...
2023-02-02 15:20:39,070 - INFO - Scheduler has been shut down
2023-02-02 15:20:40,014 - WARNING - Exiting immediately!
2023-02-02 15:20:44,285 - INFO - start bot
2023-02-02 15:20:44,287 - INFO - Scheduler started
2023-02-02 15:24:41,907 - INFO - Received signal 2 (SIGINT), stopping...
2023-02-02 15:24:41,923 - INFO - Scheduler has been shut down
2023-02-02 15:24:44,817 - WARNING - Exiting immediately!
2023-02-02 15:25:59,098 - INFO - start bot
2023-02-02 15:25:59,100 - INFO - Scheduler started
2023-02-02 15:35:11,399 - INFO - Received signal 2 (SIGINT), stopping...
2023-02-02 15:35:11,428 - INFO - Scheduler has been shut down
2023-02-02 15:35:15,512 - WARNING - Exiting immediately!
2023-02-02 15:37:33,679 - INFO - start bot
2023-02-02 15:39:08,598 - INFO - start bot
2023-02-02 15:39:08,599 - INFO - Scheduler started
2023-02-02 15:42:55,094 - INFO - Received signal 2 (SIGINT), stopping...
2023-02-02 15:42:55,094 - INFO - Scheduler has been shut down
2023-02-02 15:43:00,554 - WARNING - Exiting immediately!
2023-02-02 15:51:52,897 - INFO - start bot
2023-02-02 15:51:52,899 - INFO - Scheduler started
2023-02-02 15:56:57,737 - INFO - Received signal 2 (SIGINT), stopping...
2023-02-02 15:56:57,737 - INFO - Scheduler has been shut down
2023-02-02 15:57:03,117 - WARNING - Exiting immediately!
2023-02-02 16:54:21,055 - INFO - start bot
2023-02-02 16:54:21,072 - INFO - Scheduler started
2023-02-02 16:54:37,687 - INFO - Received signal 2 (SIGINT), stopping...
2023-02-02 16:54:37,703 - INFO - Scheduler has been shut down
2023-02-02 16:54:48,281 - INFO - start bot
2023-02-02 16:54:48,283 - INFO - Scheduler started
2023-02-02 16:55:47,411 - INFO - Received signal 2 (SIGINT), stopping...
2023-02-02 16:55:47,412 - INFO - Scheduler has been shut down
2023-02-02 16:55:50,892 - WARNING - Exiting immediately!
2023-02-02 16:55:54,908 - INFO - start bot
2023-02-02 16:55:54,910 - INFO - Scheduler started
2023-02-02 16:57:56,855 - INFO - Received signal 2 (SIGINT), stopping...
2023-02-02 16:57:56,870 - INFO - Scheduler has been shut down
2023-02-02 16:58:05,058 - INFO - start bot
2023-02-02 16:58:05,059 - INFO - Scheduler started
2023-02-02 16:58:38,470 - INFO - Received signal 2 (SIGINT), stopping...
2023-02-02 16:58:38,470 - INFO - Scheduler has been shut down
2023-02-02 16:58:44,126 - INFO - start bot
2023-02-02 16:58:44,127 - INFO - Scheduler started
2023-02-02 16:59:06,979 - INFO - Received signal 2 (SIGINT), stopping...
2023-02-02 16:59:06,979 - INFO - Scheduler has been shut down
2023-02-02 16:59:15,707 - WARNING - Exiting immediately!
2023-02-02 17:00:37,681 - INFO - start bot
2023-02-02 17:00:37,683 - INFO - Scheduler started
2023-02-02 17:01:06,607 - INFO - Received signal 2 (SIGINT), stopping...
2023-02-02 17:01:06,609 - INFO - Scheduler has been shut down
2023-02-02 17:01:08,849 - WARNING - Exiting immediately!
2023-02-02 17:05:48,362 - INFO - start bot
2023-02-02 17:05:48,364 - INFO - Scheduler started
2023-02-02 17:11:44,556 - INFO - Received signal 2 (SIGINT), stopping...
2023-02-02 17:11:44,572 - INFO - Scheduler has been shut down
2023-02-02 17:11:51,282 - WARNING - Exiting immediately!
2023-02-02 17:11:55,569 - INFO - start bot
2023-02-02 17:11:55,571 - INFO - Scheduler started
2023-02-02 17:12:04,717 - ERROR - No error handlers are registered, logging exception.
Traceback (most recent call last):
  File "C:\Users\16-jl\Study\Pythonics\HomeWorks\HomeWork_9\venv\Lib\site-packages\telegram\ext\dispatcher.py", line 557, in process_update
    handler.handle_update(update, self, check, context)
  File "C:\Users\16-jl\Study\Pythonics\HomeWorks\HomeWork_9\venv\Lib\site-packages\telegram\ext\conversationhandler.py", line 627, in handle_update
    new_state = handler.handle_update(update, dispatcher, check_result, context)
                ^^^^^^^^^^^^^^^^^^^^^^^^^^^^^^^^^^^^^^^^^^^^^^^^^^^^^^^^^^^^^^^^
  File "C:\Users\16-jl\Study\Pythonics\HomeWorks\HomeWork_9\venv\Lib\site-packages\telegram\ext\handler.py", line 199, in handle_update
    return self.callback(update, context)
           ^^^^^^^^^^^^^^^^^^^^^^^^^^^^^^
  File "c:\Users\16-jl\Study\Pythonics\HomeWorks\HomeWork_10\calc.py", line 58, in calc
    menu(update, context)
  File "c:\Users\16-jl\Study\Pythonics\HomeWorks\HomeWork_10\calc.py", line 64, in menu
    contin(update, context)
  File "c:\Users\16-jl\Study\Pythonics\HomeWorks\HomeWork_10\calc.py", line 69, in contin
    if update.effective_chat.command == '/cancel':
       ^^^^^^^^^^^^^^^^^^^^^^^^^^^^^
AttributeError: 'Chat' object has no attribute 'command'
2023-02-02 17:12:28,720 - INFO - Received signal 2 (SIGINT), stopping...
2023-02-02 17:12:28,746 - INFO - Scheduler has been shut down
2023-02-02 17:12:31,542 - WARNING - Exiting immediately!
2023-02-02 17:12:35,639 - INFO - start bot
2023-02-02 17:12:35,646 - INFO - Scheduler started
2023-02-02 17:12:41,884 - ERROR - No error handlers are registered, logging exception.
Traceback (most recent call last):
  File "C:\Users\16-jl\Study\Pythonics\HomeWorks\HomeWork_9\venv\Lib\site-packages\telegram\ext\dispatcher.py", line 557, in process_update
    handler.handle_update(update, self, check, context)
  File "C:\Users\16-jl\Study\Pythonics\HomeWorks\HomeWork_9\venv\Lib\site-packages\telegram\ext\conversationhandler.py", line 627, in handle_update
    new_state = handler.handle_update(update, dispatcher, check_result, context)
                ^^^^^^^^^^^^^^^^^^^^^^^^^^^^^^^^^^^^^^^^^^^^^^^^^^^^^^^^^^^^^^^^
  File "C:\Users\16-jl\Study\Pythonics\HomeWorks\HomeWork_9\venv\Lib\site-packages\telegram\ext\handler.py", line 199, in handle_update
    return self.callback(update, context)
           ^^^^^^^^^^^^^^^^^^^^^^^^^^^^^^
  File "c:\Users\16-jl\Study\Pythonics\HomeWorks\HomeWork_10\calc.py", line 58, in calc
    menu(update, context)
  File "c:\Users\16-jl\Study\Pythonics\HomeWorks\HomeWork_10\calc.py", line 64, in menu
    contin(update, context)
  File "c:\Users\16-jl\Study\Pythonics\HomeWorks\HomeWork_10\calc.py", line 69, in contin
    if update.effective_chat.command == 'cancel':
       ^^^^^^^^^^^^^^^^^^^^^^^^^^^^^
AttributeError: 'Chat' object has no attribute 'command'
2023-02-02 17:13:19,251 - INFO - Received signal 2 (SIGINT), stopping...
2023-02-02 17:13:19,251 - INFO - Scheduler has been shut down
2023-02-02 17:13:33,347 - WARNING - Exiting immediately!
2023-02-02 17:13:37,127 - INFO - start bot
2023-02-02 17:13:37,127 - INFO - Scheduler started
2023-02-02 17:14:01,480 - ERROR - No error handlers are registered, logging exception.
Traceback (most recent call last):
  File "C:\Users\16-jl\Study\Pythonics\HomeWorks\HomeWork_9\venv\Lib\site-packages\telegram\ext\dispatcher.py", line 557, in process_update
    handler.handle_update(update, self, check, context)
  File "C:\Users\16-jl\Study\Pythonics\HomeWorks\HomeWork_9\venv\Lib\site-packages\telegram\ext\conversationhandler.py", line 627, in handle_update
    new_state = handler.handle_update(update, dispatcher, check_result, context)
                ^^^^^^^^^^^^^^^^^^^^^^^^^^^^^^^^^^^^^^^^^^^^^^^^^^^^^^^^^^^^^^^^
  File "C:\Users\16-jl\Study\Pythonics\HomeWorks\HomeWork_9\venv\Lib\site-packages\telegram\ext\handler.py", line 199, in handle_update
    return self.callback(update, context)
           ^^^^^^^^^^^^^^^^^^^^^^^^^^^^^^
  File "c:\Users\16-jl\Study\Pythonics\HomeWorks\HomeWork_10\calc.py", line 58, in calc
    menu(update, context)
  File "c:\Users\16-jl\Study\Pythonics\HomeWorks\HomeWork_10\calc.py", line 64, in menu
    contin(update, context)
  File "c:\Users\16-jl\Study\Pythonics\HomeWorks\HomeWork_10\calc.py", line 70, in contin
    if update.effective_chat.command == '/cancel':
       ^^^^^^^^^^^^^^^^^^^^^^^^^^^^^
AttributeError: 'Chat' object has no attribute 'command'
2023-02-02 17:26:42,782 - INFO - Received signal 2 (SIGINT), stopping...
2023-02-02 17:26:42,797 - INFO - Scheduler has been shut down
2023-02-02 17:26:53,069 - WARNING - Exiting immediately!
2023-02-02 17:27:32,208 - INFO - start bot
2023-02-02 17:27:32,210 - INFO - Scheduler started
2023-02-02 17:28:08,621 - INFO - Received signal 2 (SIGINT), stopping...
2023-02-02 17:28:08,621 - INFO - Scheduler has been shut down
2023-02-02 17:28:13,914 - INFO - start bot
2023-02-02 17:28:13,915 - INFO - Scheduler started
2023-02-02 17:29:13,334 - INFO - Received signal 2 (SIGINT), stopping...
2023-02-02 17:29:13,355 - INFO - Scheduler has been shut down
2023-02-02 17:29:25,273 - WARNING - Exiting immediately!
2023-02-02 17:29:29,223 - INFO - start bot
2023-02-02 17:29:29,225 - INFO - Scheduler started
2023-02-02 17:32:34,276 - INFO - start bot
2023-02-02 17:32:34,277 - INFO - Scheduler started
2023-02-02 17:37:18,957 - INFO - Received signal 2 (SIGINT), stopping...
2023-02-02 17:37:18,973 - INFO - Scheduler has been shut down
2023-02-02 17:37:28,833 - WARNING - Exiting immediately!
2023-02-02 17:37:32,981 - INFO - start bot
2023-02-02 17:37:32,983 - INFO - Scheduler started
2023-02-02 17:40:12,701 - INFO - Received signal 2 (SIGINT), stopping...
2023-02-02 17:40:12,716 - INFO - Scheduler has been shut down
2023-02-02 17:40:34,294 - WARNING - Exiting immediately!
2023-02-02 17:40:40,493 - INFO - start bot
2023-02-02 17:40:40,495 - INFO - Scheduler started
2023-02-02 17:41:12,241 - INFO - Received signal 2 (SIGINT), stopping...
2023-02-02 17:41:12,256 - INFO - Scheduler has been shut down
2023-02-02 17:45:41,292 - WARNING - Exiting immediately!
2023-02-02 17:45:45,511 - INFO - start bot
2023-02-02 17:45:45,513 - INFO - Scheduler started
2023-02-02 17:47:18,988 - INFO - Received signal 2 (SIGINT), stopping...
2023-02-02 17:47:19,004 - INFO - Scheduler has been shut down
2023-02-02 17:47:28,286 - WARNING - Exiting immediately!
2023-02-02 17:47:32,202 - INFO - start bot
2023-02-02 17:47:32,203 - INFO - Scheduler started
2023-02-02 18:30:37,677 - INFO - Received signal 2 (SIGINT), stopping...
2023-02-02 18:30:37,692 - INFO - Scheduler has been shut down
2023-02-02 18:30:53,527 - WARNING - Exiting immediately!
2023-02-02 18:31:19,192 - INFO - start bot
2023-02-02 18:31:19,194 - INFO - Scheduler started
2023-02-02 18:31:44,437 - INFO - Received signal 2 (SIGINT), stopping...
2023-02-02 18:31:44,437 - INFO - Scheduler has been shut down
2023-02-02 18:31:52,355 - WARNING - Exiting immediately!
2023-02-02 18:32:36,342 - INFO - start bot
2023-02-02 18:32:36,343 - INFO - Scheduler started
2023-02-02 18:32:44,938 - INFO - Received signal 2 (SIGINT), stopping...
2023-02-02 18:32:44,938 - INFO - Scheduler has been shut down
2023-02-02 18:33:12,225 - INFO - start bot
2023-02-02 18:33:12,227 - INFO - Scheduler started
2023-02-02 18:43:39,159 - INFO - start bot
2023-02-02 18:43:39,159 - INFO - Scheduler started
2023-02-02 18:44:26,562 - INFO - Received signal 2 (SIGINT), stopping...
2023-02-02 18:44:26,580 - INFO - Scheduler has been shut down
2023-02-02 18:44:28,436 - WARNING - Exiting immediately!
2023-02-02 18:44:32,318 - INFO - start bot
2023-02-02 18:44:32,320 - INFO - Scheduler started
2023-02-02 18:44:46,917 - ERROR - No error handlers are registered, logging exception.
Traceback (most recent call last):
  File "C:\Users\16-jl\Study\Pythonics\HomeWorks\HomeWork_9\venv\Lib\site-packages\telegram\ext\dispatcher.py", line 557, in process_update
    handler.handle_update(update, self, check, context)
  File "C:\Users\16-jl\Study\Pythonics\HomeWorks\HomeWork_9\venv\Lib\site-packages\telegram\ext\handler.py", line 199, in handle_update
    return self.callback(update, context)
           ^^^^^^^^^^^^^^^^^^^^^^^^^^^^^^
  File "c:\Users\16-jl\Study\Pythonics\HomeWorks\HomeWork_10\calc.py", line 57, in calc
    menu(update, context)
  File "c:\Users\16-jl\Study\Pythonics\HomeWorks\HomeWork_10\calc.py", line 64, in menu
    contin(update, context)
  File "c:\Users\16-jl\Study\Pythonics\HomeWorks\HomeWork_10\calc.py", line 68, in contin
    if choice == '/continue':
       ^^^^^^
UnboundLocalError: cannot access local variable 'choice' where it is not associated with a value
2023-02-02 18:45:01,955 - INFO - Received signal 2 (SIGINT), stopping...
2023-02-02 18:45:01,971 - INFO - Scheduler has been shut down
2023-02-02 18:45:05,186 - WARNING - Exiting immediately!
2023-02-02 18:45:37,575 - INFO - start bot
2023-02-02 18:45:37,576 - INFO - Scheduler started
2023-02-02 18:45:43,333 - ERROR - No error handlers are registered, logging exception.
Traceback (most recent call last):
  File "C:\Users\16-jl\Study\Pythonics\HomeWorks\HomeWork_9\venv\Lib\site-packages\telegram\ext\dispatcher.py", line 557, in process_update
    handler.handle_update(update, self, check, context)
  File "C:\Users\16-jl\Study\Pythonics\HomeWorks\HomeWork_9\venv\Lib\site-packages\telegram\ext\handler.py", line 199, in handle_update
    return self.callback(update, context)
           ^^^^^^^^^^^^^^^^^^^^^^^^^^^^^^
  File "c:\Users\16-jl\Study\Pythonics\HomeWorks\HomeWork_10\calc.py", line 57, in calc
    menu(update, context)
  File "c:\Users\16-jl\Study\Pythonics\HomeWorks\HomeWork_10\calc.py", line 64, in menu
    contin(update, context)
  File "c:\Users\16-jl\Study\Pythonics\HomeWorks\HomeWork_10\calc.py", line 68, in contin
    if choice == '/continue':
       ^^^^^^
NameError: name 'choice' is not defined
2023-02-02 18:46:55,330 - INFO - Received signal 2 (SIGINT), stopping...
2023-02-02 18:46:55,355 - INFO - Scheduler has been shut down
2023-02-02 18:47:11,643 - WARNING - Exiting immediately!
2023-02-02 18:47:15,785 - INFO - start bot
2023-02-02 18:47:15,787 - INFO - Scheduler started
2023-02-02 18:48:05,284 - INFO - Received signal 2 (SIGINT), stopping...
2023-02-02 18:48:05,302 - INFO - Scheduler has been shut down
2023-02-02 18:48:06,913 - WARNING - Exiting immediately!
2023-02-02 18:48:11,051 - INFO - start bot
2023-02-02 18:48:11,053 - INFO - Scheduler started
2023-02-02 18:49:22,945 - INFO - Received signal 2 (SIGINT), stopping...
2023-02-02 18:49:22,960 - INFO - Scheduler has been shut down
2023-02-02 18:49:25,326 - WARNING - Exiting immediately!
2023-02-02 18:49:29,539 - INFO - start bot
2023-02-02 18:49:51,232 - INFO - start bot
2023-02-02 18:50:03,573 - INFO - start bot
2023-02-02 18:50:03,573 - INFO - Scheduler started
2023-02-02 18:51:54,044 - INFO - Received signal 2 (SIGINT), stopping...
2023-02-02 18:51:54,065 - INFO - Scheduler has been shut down
2023-02-02 18:51:59,411 - WARNING - Exiting immediately!
2023-02-02 18:52:03,661 - INFO - start bot
2023-02-02 18:52:03,663 - INFO - Scheduler started
2023-02-02 18:52:42,456 - INFO - Received signal 2 (SIGINT), stopping...
2023-02-02 18:52:42,481 - INFO - Scheduler has been shut down
2023-02-02 18:52:43,547 - WARNING - Exiting immediately!
2023-02-02 18:52:54,905 - INFO - start bot
2023-02-02 18:52:54,907 - INFO - Scheduler started
2023-02-02 18:54:02,719 - INFO - Received signal 2 (SIGINT), stopping...
2023-02-02 18:54:02,719 - INFO - Scheduler has been shut down
2023-02-02 18:54:04,455 - WARNING - Exiting immediately!
2023-02-02 18:54:08,747 - INFO - start bot
2023-02-02 18:54:08,749 - INFO - Scheduler started
2023-02-02 18:56:35,615 - INFO - Received signal 2 (SIGINT), stopping...
2023-02-02 18:56:35,631 - INFO - Scheduler has been shut down
2023-02-02 18:56:47,352 - WARNING - Exiting immediately!
